info:  Game: Runner.exe
info:  DXVK: v1.9.2
info:  Built-in extension providers:
info:    Win32 WSI
info:    OpenVR
info:    OpenXR
info:  OpenVR: could not open registry key, status 2
info:  OpenVR: Failed to locate module
info:  Enabled instance extensions:
info:    VK_KHR_get_surface_capabilities2
info:    VK_KHR_surface
info:    VK_KHR_win32_surface
info:  Intel(R) Xe Graphics (TGL GT2):
info:    Driver: 22.1.6
info:    Vulkan: 1.3.211
info:    Memory Heap[0]: 
info:      Size: 11885 MiB
info:      Flags: 0x1
info:      Memory Type[0]: Property Flags = 0xf
info:  Adapter LUID 0: 0:40f
warn:  DXGI: MakeWindowAssociation: Ignoring flags
warn:  DxgiOutput::WaitForVBlank: Stub
